[2019-06-12 10:11:29] START
[2019-06-12 10:11:55] EDIT qcyber/controllers/default.py: -39
[2019-06-12 10:14:07] EDIT qcyber/controllers/default.py: 0
[2019-06-12 10:14:34] EDIT qcyber/views/default/index.html: -32
[2019-06-12 12:03:50] EDIT qcyber/controllers/default.py: 0
[2019-06-12 12:04:21] EDIT qcyber/controllers/default.py: 0
[2019-06-12 12:04:39] EDIT qcyber/views/default/index.html: 0
[2019-06-12 12:05:19] EDIT qcyber/views/default/index.html: 12
[2019-06-12 12:06:18] EDIT qcyber/views/default/index.html: 0
[2019-06-12 12:08:27] EDIT qcyber/views/default/index.html: 1
[2019-06-12 12:08:58] EDIT qcyber/views/default/index.html: 0
[2019-06-12 12:10:47] EDIT qcyber/views/default/index.html: 2
[2019-06-12 12:11:31] EDIT qcyber/views/default/index.html: 0
[2019-06-12 12:11:42] EDIT qcyber/views/default/index.html: 0
[2019-06-12 12:11:48] EDIT qcyber/views/default/index.html: 0
[2019-06-12 12:12:13] EDIT qcyber/views/default/index.html: 1
[2019-06-12 12:28:01] EDIT qcyber/views/default/index.html: 0
[2019-06-12 12:37:49] EDIT qcyber/controllers/default.py: 1
[2019-06-12 12:38:23] EDIT qcyber/controllers/default.py: 0
[2019-06-12 12:38:35] EDIT qcyber/views/default/index.html: 0
[2019-06-12 12:41:19] EDIT qcyber/views/default/index.html: 0
[2019-06-12 12:41:39] EDIT qcyber/views/default/index.html: 0
[2019-06-12 12:46:12] EDIT qcyber/views/default/index.html: 0
[2019-06-12 12:46:25] EDIT qcyber/views/default/index.html: 0
[2019-06-12 12:46:32] EDIT qcyber/views/default/index.html: 0
[2019-06-12 12:49:46] EDIT qcyber/views/default/index.html: 1
[2019-06-12 12:50:45] EDIT qcyber/views/default/index.html: 0
[2019-06-12 12:51:20] EDIT qcyber/controllers/default.py: 2
[2019-06-12 12:51:39] EDIT qcyber/controllers/default.py: 0
[2019-06-12 12:51:45] EDIT qcyber/views/default/index.html: 0
[2019-06-12 12:52:06] EDIT qcyber/views/default/index.html: -1
[2019-06-12 12:52:11] EDIT qcyber/views/default/index.html: 0
[2019-06-12 12:52:40] EDIT qcyber/controllers/default.py: 2
[2019-06-12 12:53:03] CREATE wiki.py: 0
[2019-06-12 12:53:08] CREATE reddit.py: 0
[2019-06-12 12:53:30] EDIT qcyber/controllers/default.py: 0
[2019-06-12 12:53:57] CREATE qwiki.html: 0
[2019-06-12 12:54:05] CREATE reddit.html: 0
[2019-06-12 12:55:09] DELETE qcyber/views/qwiki.html: -3
[2019-06-12 12:55:13] DELETE qcyber/views/reddit.html: -3
[2019-06-12 12:56:44] DELETE qcyber/controllers/reddit.py: -1
[2019-06-12 12:56:48] DELETE qcyber/controllers/wiki.py: -1
[2019-06-12 12:57:11] CREATE qwiki.py: 0
[2019-06-12 12:57:21] EDIT qcyber/controllers/qwiki.py: 0
[2019-06-12 12:58:57] CREATE qwiki/index.html: 0
[2019-06-12 12:59:19] EDIT qcyber/views/qwiki/index.html: -1
[2019-06-12 13:02:24] EDIT qcyber/views/default/index.html: 1
[2019-06-12 13:02:58] EDIT qcyber/views/default/index.html: 0
[2019-06-12 13:13:07] EDIT qcyber/views/default/index.html: 0
[2019-06-12 13:13:40] EDIT qcyber/views/default/index.html: 0
[2019-06-12 13:15:33] EDIT qcyber/views/default/index.html: 0
[2019-06-12 13:16:00] EDIT qcyber/views/default/index.html: 0
[2019-06-12 13:16:05] EDIT qcyber/controllers/qwiki.py: 0
[2019-06-12 13:16:43] DELETE qcyber/views/qwiki/index.html: -2
[2019-06-12 13:16:55] CREATE qwiki/main.html: 0
[2019-06-12 13:17:02] EDIT qcyber/views/qwiki/main.html: -1
[2019-06-12 13:20:07] CREATE qreddit/main.html: 0
[2019-06-12 13:20:25] CREATE qreddit.py: 0
[2019-06-12 13:20:47] EDIT qcyber/controllers/qreddit.py: 0
[2019-06-12 13:21:06] EDIT qcyber/views/default/index.html: 0
[2019-06-12 13:27:35] EDIT qcyber/views/qwiki/main.html: 29
[2019-06-12 13:28:06] EDIT qcyber/views/qwiki/main.html: 0
[2019-06-12 13:29:19] EDIT qcyber/views/qwiki/main.html: -1
[2019-06-12 13:30:19] EDIT qcyber/views/qreddit/main.html: 27
[2019-06-12 13:30:33] EDIT qcyber/views/default/index.html: -1
[2019-06-12 15:06:39] EDIT qcyber/controllers/qwiki.py: 9
[2019-06-12 15:11:04] EDIT qcyber/controllers/qwiki.py: 1
[2019-06-12 15:18:39] EDIT qcyber/controllers/qwiki.py: 0
[2019-06-12 15:25:53] EDIT qcyber/controllers/qwiki.py: 0
[2019-06-12 15:28:14] EDIT qcyber/controllers/qwiki.py: 0
[2019-06-12 15:30:07] EDIT qcyber/controllers/qwiki.py: 0
[2019-06-12 15:41:23] EDIT qcyber/controllers/qwiki.py: 2
[2019-06-12 15:41:27] EDIT qcyber/views/qwiki/main.html: 1
[2019-06-12 15:42:17] EDIT qcyber/controllers/qwiki.py: 5
[2019-06-12 15:42:40] EDIT qcyber/controllers/qwiki.py: 0
[2019-06-12 15:42:41] EDIT qcyber/views/qwiki/main.html: 0
[2019-06-13 09:21:12] EDIT qcyber/controllers/qreddit.py: 3
[2019-06-13 09:38:53] EDIT qcyber/views/qwiki/main.html: 1
[2019-06-13 09:43:56] EDIT qcyber/views/qwiki/main.html: -1
[2019-06-13 09:45:07] EDIT qcyber/views/qwiki/main.html: 7
[2019-06-13 09:45:36] EDIT qcyber/views/qwiki/main.html: 2
[2019-06-13 09:45:43] EDIT qcyber/views/qwiki/main.html: 0
[2019-06-13 09:45:58] EDIT qcyber/views/qwiki/main.html: -12
[2019-06-13 09:46:19] EDIT qcyber/views/qreddit/main.html: 0
[2019-06-13 09:46:39] EDIT qcyber/views/qreddit/main.html: 9
[2019-06-13 09:46:57] EDIT qcyber/controllers/qreddit.py: 5
[2019-06-13 09:47:37] EDIT qcyber/controllers/qreddit.py: -3
[2019-06-13 09:47:55] EDIT qcyber/controllers/qreddit.py: 3
[2019-06-13 09:48:52] EDIT qcyber/controllers/qreddit.py: 0
[2019-06-13 09:49:52] EDIT qcyber/views/qreddit/main.html: 0
[2019-06-13 09:50:05] EDIT qcyber/views/qreddit/main.html: 0
[2019-06-13 09:50:35] EDIT qcyber/views/qreddit/main.html: 0
[2019-06-13 09:50:49] EDIT qcyber/views/qreddit/main.html: -9
[2019-06-13 09:54:17] EDIT qcyber/controllers/qreddit.py: 2
[2019-06-13 09:56:50] EDIT qcyber/controllers/qreddit.py: 0
[2019-06-13 09:57:25] EDIT qcyber/controllers/qreddit.py: 0
[2019-06-13 09:57:38] EDIT qcyber/controllers/qreddit.py: 0
[2019-06-13 09:58:28] EDIT qcyber/controllers/qreddit.py: 0
[2019-06-13 09:58:38] EDIT qcyber/controllers/qreddit.py: 0
[2019-06-13 09:59:44] EDIT qcyber/controllers/qreddit.py: 0
[2019-06-13 09:59:54] EDIT qcyber/controllers/qreddit.py: 0
[2019-06-13 10:00:36] EDIT qcyber/controllers/qreddit.py: 0
[2019-06-13 10:00:55] EDIT qcyber/controllers/qreddit.py: -5
[2019-06-13 10:02:08] EDIT qcyber/controllers/qreddit.py: 1
[2019-06-13 10:04:06] EDIT qcyber/controllers/qreddit.py: 8
[2019-06-13 10:06:53] EDIT qcyber/controllers/qreddit.py: 0
[2019-06-13 10:08:00] EDIT qcyber/controllers/qreddit.py: 1
[2019-06-13 10:09:43] EDIT qcyber/models/db.py: 3
[2019-06-13 10:10:01] EDIT qcyber/controllers/qreddit.py: 1
[2019-06-13 10:10:03] EDIT qcyber/models/db.py: 0
[2019-06-13 10:10:25] EDIT qcyber/models/db.py: 0
[2019-06-13 10:11:32] EDIT qcyber/controllers/qreddit.py: 1
[2019-06-13 10:11:48] EDIT qcyber/controllers/qreddit.py: 0
[2019-06-13 10:12:11] EDIT qcyber/controllers/qreddit.py: 0
[2019-06-13 10:12:38] EDIT qcyber/controllers/qreddit.py: 0
[2019-06-13 10:13:09] EDIT qcyber/controllers/qreddit.py: 0
[2019-06-13 10:13:16] EDIT qcyber/controllers/qreddit.py: 0
[2019-06-13 10:14:10] EDIT qcyber/controllers/qreddit.py: 3
[2019-06-13 10:14:48] EDIT qcyber/controllers/qreddit.py: 0
[2019-06-13 10:15:09] EDIT qcyber/views/qreddit/main.html: 0
[2019-06-13 10:15:52] EDIT qcyber/controllers/qreddit.py: -2
[2019-06-13 10:16:21] EDIT qcyber/controllers/qreddit.py: 1
[2019-06-13 10:16:32] EDIT qcyber/controllers/qreddit.py: -1
[2019-06-13 10:16:52] EDIT qcyber/controllers/qreddit.py: -2
[2019-06-13 10:17:05] EDIT qcyber/controllers/qreddit.py: 1
[2019-06-13 10:30:24] EDIT qcyber/controllers/qreddit.py: 1
[2019-06-13 10:30:29] EDIT qcyber/controllers/qreddit.py: 1
[2019-06-13 10:30:54] EDIT qcyber/controllers/qreddit.py: 0
[2019-06-13 10:31:21] EDIT qcyber/controllers/qreddit.py: 0
[2019-06-13 10:34:33] EDIT qcyber/controllers/qreddit.py: 0
[2019-06-13 10:35:39] EDIT qcyber/controllers/qreddit.py: 0
[2019-06-13 10:40:40] EDIT qcyber/controllers/qreddit.py: 0
[2019-06-13 10:43:29] EDIT qcyber/controllers/qreddit.py: 2
[2019-06-13 10:46:18] EDIT qcyber/controllers/qreddit.py: 3
[2019-06-13 10:51:18] EDIT qcyber/models/db.py: -52
[2019-06-13 10:51:35] EDIT qcyber/models/db.py: 52
[2019-06-13 10:51:44] EDIT qcyber/models/db.py: -2
[2019-06-13 10:51:58] EDIT qcyber/models/db.py: 0
[2019-06-13 10:52:11] EDIT qcyber/models/db.py: -23
[2019-06-13 10:52:20] EDIT qcyber/models/db.py: 23
[2019-06-13 10:52:51] EDIT qcyber/models/db.py: -19
[2019-06-13 10:53:34] EDIT qcyber/models/db.py: -23
[2019-06-13 10:53:54] EDIT qcyber/models/db.py: 0
[2019-06-13 10:54:08] EDIT qcyber/models/db.py: -3
[2019-06-13 10:54:27] EDIT qcyber/models/db.py: -4
[2019-06-13 10:57:26] EDIT qcyber/models/db.py: 1
[2019-06-13 11:02:44] EDIT qcyber/models/db.py: 0
[2019-06-13 11:18:03] EDIT qcyber/models/db.py: 1
[2019-06-13 11:18:13] EDIT qcyber/models/db.py: 0
[2019-06-13 11:18:38] EDIT qcyber/models/db.py: -1
[2019-06-13 11:22:23] EDIT qcyber/models/db.py: 1
[2019-06-13 11:25:59] EDIT qcyber/models/db.py: 5
[2019-06-13 11:26:09] EDIT qcyber/models/db.py: -2
[2019-06-13 11:26:22] EDIT qcyber/models/db.py: 0
[2019-06-13 11:27:03] EDIT qcyber/models/db.py: -3
[2019-06-13 11:28:34] EDIT qcyber/models/db.py: 0
[2019-06-13 11:29:35] EDIT qcyber/models/db.py: 0
[2019-06-13 11:32:01] EDIT qcyber/models/db.py: 0
[2019-06-13 11:36:00] EDIT qcyber/models/db.py: 0
[2019-06-13 11:36:28] EDIT qcyber/models/db.py: 0
[2019-06-13 11:36:43] EDIT qcyber/models/db.py: 0
[2019-06-13 11:51:15] EDIT qcyber/models/db.py: 0
[2019-06-13 11:56:39] EDIT qcyber/models/db.py: 0
[2019-06-13 12:00:15] EDIT qcyber/models/db.py: 0
[2019-06-13 12:00:50] EDIT qcyber/models/db.py: 1
[2019-06-13 12:01:23] EDIT qcyber/models/db.py: 0
[2019-06-13 12:01:35] EDIT qcyber/models/db.py: 0
[2019-06-13 12:07:38] EDIT qcyber/models/db.py: -1
[2019-06-13 12:13:10] EDIT qcyber/models/db.py: -1
[2019-06-13 12:13:40] EDIT qcyber/controllers/qreddit.py: -2
[2019-06-13 12:17:46] EDIT qcyber/controllers/qreddit.py: 4
[2019-06-13 12:18:18] EDIT qcyber/controllers/qreddit.py: 0
[2019-06-13 12:18:32] EDIT qcyber/controllers/qreddit.py: 0
[2019-06-13 12:26:19] EDIT qcyber/models/db.py: 0
[2019-06-13 12:27:59] EDIT qcyber/models/db.py: 0
[2019-06-13 12:29:05] EDIT qcyber/models/db.py: 0
[2019-06-13 12:33:27] EDIT qcyber/models/db.py: 3
[2019-06-13 12:33:39] EDIT qcyber/models/db.py: 0
[2019-06-13 12:34:42] EDIT qcyber/controllers/qreddit.py: 0
[2019-06-13 12:35:03] EDIT qcyber/controllers/qreddit.py: 0
[2019-06-13 12:35:27] EDIT qcyber/controllers/qreddit.py: -1
[2019-06-13 12:35:54] EDIT qcyber/controllers/qreddit.py: 1
[2019-06-13 12:36:18] EDIT qcyber/controllers/qreddit.py: 0
[2019-06-13 12:36:35] EDIT qcyber/controllers/qreddit.py: 0
[2019-06-13 12:36:52] EDIT qcyber/controllers/qreddit.py: 0
[2019-06-13 12:36:53] EDIT qcyber/controllers/qreddit.py: 0
[2019-06-13 12:37:06] EDIT qcyber/controllers/qreddit.py: 0
[2019-06-13 12:37:19] EDIT qcyber/controllers/qreddit.py: 0
[2019-06-13 12:38:08] EDIT qcyber/controllers/qreddit.py: 0
[2019-06-13 12:38:35] EDIT qcyber/controllers/qreddit.py: 0
[2019-06-13 12:39:26] EDIT qcyber/controllers/qreddit.py: -2
[2019-06-13 12:46:21] EDIT qcyber/controllers/qreddit.py: 1
[2019-06-13 12:48:12] EDIT qcyber/controllers/qreddit.py: 0
[2019-06-13 12:50:25] EDIT qcyber/controllers/qreddit.py: 0
[2019-06-13 12:52:32] EDIT qcyber/controllers/qreddit.py: 4
[2019-06-13 12:53:16] EDIT qcyber/controllers/qreddit.py: 1
[2019-06-13 13:16:03] EDIT qcyber/views/qreddit/main.html: 1
[2019-06-13 13:16:31] EDIT qcyber/views/qreddit/main.html: 2
[2019-06-13 13:16:40] EDIT qcyber/views/qreddit/main.html: -1
[2019-06-13 13:16:57] EDIT qcyber/views/qreddit/main.html: 1
[2019-06-13 13:20:15] EDIT qcyber/views/qreddit/main.html: -3
[2019-06-13 13:20:26] EDIT qcyber/views/qreddit/main.html: 2
[2019-06-13 19:21:16] EDIT qcyber/views/qreddit/main.html: -1
[2019-06-13 19:23:22] EDIT qcyber/views/qreddit/main.html: 1
[2019-06-13 19:31:23] EDIT qcyber/views/qreddit/main.html: -1
[2019-06-13 19:31:53] EDIT qcyber/views/qreddit/main.html: 0
[2019-06-13 19:37:51] EDIT qcyber/views/qreddit/main.html: 1
[2019-06-13 19:42:40] EDIT qcyber/views/qreddit/main.html: 0
[2019-06-13 19:43:35] EDIT qcyber/views/qreddit/main.html: 2
[2019-06-13 19:48:16] EDIT qcyber/controllers/qreddit.py: 4
[2019-06-13 19:48:30] EDIT qcyber/controllers/qreddit.py: 0
[2019-06-13 19:51:46] EDIT qcyber/views/qreddit/main.html: 6
[2019-06-13 19:53:00] EDIT qcyber/views/qreddit/main.html: -2
[2019-06-13 19:56:10] EDIT qcyber/views/qreddit/main.html: 3
[2019-06-13 19:56:39] EDIT qcyber/views/qreddit/main.html: 1
[2019-06-13 19:57:51] EDIT qcyber/views/qreddit/main.html: 0
[2019-06-13 20:01:28] EDIT qcyber/views/qreddit/main.html: 0
[2019-06-13 20:01:46] EDIT qcyber/views/qreddit/main.html: 1
[2019-06-13 20:02:08] EDIT qcyber/views/qreddit/main.html: 0
[2019-06-13 20:02:34] EDIT qcyber/views/qreddit/main.html: 0
[2019-06-13 20:02:51] EDIT qcyber/views/qreddit/main.html: -1
[2019-06-13 20:06:11] EDIT qcyber/views/qreddit/main.html: 3
[2019-06-13 20:07:43] EDIT qcyber/views/qreddit/main.html: 0
[2019-06-13 20:10:35] CREATE test.py: 0
[2019-06-13 20:10:56] CREATE test/test.html: 0
[2019-06-13 20:12:57] EDIT qcyber/controllers/test.py: 0
[2019-06-13 20:13:36] EDIT qcyber/views/test/test.html: 42
[2019-06-13 20:14:12] EDIT qcyber/views/test/test.html: -10
[2019-06-13 20:14:28] EDIT qcyber/views/test/test.html: 0
[2019-06-13 20:15:02] EDIT qcyber/views/test/test.html: -2
[2019-06-13 20:15:21] EDIT qcyber/views/test/test.html: -2
[2019-06-13 20:16:05] EDIT qcyber/views/test/test.html: 0
[2019-06-13 20:16:43] EDIT qcyber/views/test/test.html: 0
[2019-06-13 20:16:56] EDIT qcyber/views/qreddit/main.html: 0
[2019-06-13 20:17:45] EDIT qcyber/views/qreddit/main.html: -4
[2019-06-13 20:18:26] EDIT qcyber/views/test/test.html: -4
[2019-06-13 20:18:42] EDIT qcyber/views/test/test.html: 1
[2019-06-13 20:18:49] EDIT qcyber/views/test/test.html: 0
[2019-06-13 20:19:03] EDIT qcyber/views/qreddit/main.html: 1
[2019-06-13 20:20:30] EDIT qcyber/views/qreddit/main.html: 1
[2019-06-13 20:21:05] EDIT qcyber/views/qreddit/main.html: 1
[2019-06-13 20:21:39] EDIT qcyber/views/qreddit/main.html: -2
[2019-06-13 20:22:07] EDIT qcyber/views/qreddit/main.html: 1
[2019-06-13 20:37:36] EDIT qcyber/views/qreddit/main.html: 2
[2019-06-13 20:38:47] EDIT qcyber/views/qreddit/main.html: 0
[2019-06-13 20:38:54] EDIT qcyber/views/qreddit/main.html: 0
[2019-06-13 20:38:56] EDIT qcyber/views/qreddit/main.html: 0
[2019-06-13 20:39:05] EDIT qcyber/views/qreddit/main.html: 0
[2019-06-13 20:39:15] EDIT qcyber/views/qreddit/main.html: 0
[2019-06-13 20:41:29] EDIT qcyber/controllers/qreddit.py: 14
[2019-06-13 20:42:00] EDIT qcyber/controllers/qreddit.py: 1
[2019-06-13 20:42:13] EDIT qcyber/views/qreddit/main.html: 0
[2019-06-13 20:42:23] EDIT qcyber/controllers/qreddit.py: 0
[2019-06-13 20:43:05] EDIT qcyber/views/test/test.html: 0
[2019-06-13 20:43:19] EDIT qcyber/controllers/qreddit.py: 0
[2019-06-13 20:43:25] EDIT qcyber/controllers/qreddit.py: 0
[2019-06-13 20:43:45] EDIT qcyber/controllers/qreddit.py: 1
[2019-06-13 20:44:16] EDIT qcyber/controllers/qreddit.py: 0
[2019-06-13 20:44:49] EDIT qcyber/controllers/qreddit.py: 1
[2019-06-13 20:44:58] EDIT qcyber/controllers/qreddit.py: 0
[2019-06-13 20:45:25] EDIT qcyber/controllers/qreddit.py: 0
[2019-06-13 20:46:01] EDIT qcyber/views/qreddit/main.html: 0
[2019-06-13 20:46:31] EDIT qcyber/controllers/qreddit.py: -1
[2019-06-13 20:47:08] EDIT qcyber/views/qreddit/main.html: 0
[2019-06-13 20:52:04] EDIT qcyber/controllers/qreddit.py: 13
[2019-06-13 20:52:29] EDIT qcyber/controllers/qreddit.py: 0
[2019-06-13 20:52:45] EDIT qcyber/controllers/qreddit.py: 0
[2019-06-13 20:53:02] EDIT qcyber/controllers/qreddit.py: 0
[2019-06-13 20:53:10] EDIT qcyber/controllers/qreddit.py: 0
[2019-06-13 20:53:25] EDIT qcyber/controllers/qreddit.py: 0
[2019-06-13 20:54:46] EDIT qcyber/controllers/qreddit.py: 0
[2019-06-13 20:55:08] EDIT qcyber/controllers/qreddit.py: 0
[2019-06-13 20:56:55] EDIT qcyber/controllers/qreddit.py: 0
[2019-06-13 20:57:03] EDIT qcyber/controllers/qreddit.py: 0
[2019-06-13 21:02:54] EDIT qcyber/controllers/qreddit.py: 0
[2019-06-13 21:03:32] EDIT qcyber/controllers/qreddit.py: 0
[2019-06-13 21:03:57] EDIT qcyber/controllers/qreddit.py: 10
[2019-06-13 21:04:18] EDIT qcyber/controllers/qreddit.py: 3
[2019-06-13 21:06:10] EDIT qcyber/controllers/qreddit.py: -14
[2019-06-13 21:06:53] EDIT qcyber/controllers/qreddit.py: 2
[2019-06-13 21:08:05] EDIT qcyber/controllers/qreddit.py: 0
[2019-06-13 21:10:10] EDIT qcyber/views/qreddit/main.html: 1
[2019-06-13 21:12:58] EDIT qcyber/views/qreddit/main.html: 2
[2019-06-13 21:13:26] EDIT qcyber/views/qreddit/main.html: 2
[2019-06-13 21:14:15] EDIT qcyber/controllers/qreddit.py: 5
[2019-06-13 21:16:30] EDIT qcyber/controllers/qreddit.py: -15
[2019-06-13 21:17:03] EDIT qcyber/controllers/qreddit.py: 1
[2019-06-13 21:17:25] EDIT qcyber/controllers/qreddit.py: -5
[2019-06-13 21:17:50] EDIT qcyber/controllers/qreddit.py: 0
[2019-06-13 21:18:14] EDIT qcyber/controllers/qreddit.py: -1
[2019-06-13 21:18:51] EDIT qcyber/views/qreddit/main.html: 0
[2019-06-13 21:19:43] EDIT qcyber/controllers/qreddit.py: -1
[2019-06-13 21:20:03] EDIT qcyber/views/qreddit/main.html: 0
[2019-06-13 21:20:21] EDIT qcyber/controllers/qreddit.py: 5
[2019-06-13 21:21:05] EDIT qcyber/controllers/qreddit.py: -5
[2019-06-13 21:21:13] EDIT qcyber/controllers/qreddit.py: 5
[2019-06-13 21:22:15] EDIT qcyber/controllers/qreddit.py: -1
[2019-06-13 21:22:35] EDIT qcyber/controllers/qreddit.py: 1
[2019-06-13 21:22:48] EDIT qcyber/controllers/qreddit.py: 1
[2019-06-13 21:23:27] EDIT qcyber/controllers/qreddit.py: 1
[2019-06-13 21:27:12] EDIT qcyber/views/qreddit/main.html: 0
[2019-06-13 21:27:32] EDIT qcyber/views/qreddit/main.html: 0
[2019-06-13 21:28:30] EDIT qcyber/views/qreddit/main.html: -1
[2019-06-13 21:31:17] EDIT qcyber/views/qreddit/main.html: 0
[2019-06-13 21:31:44] EDIT qcyber/views/qreddit/main.html: 0
[2019-06-13 21:32:01] EDIT qcyber/views/qreddit/main.html: -2
[2019-06-13 21:32:21] EDIT qcyber/views/qreddit/main.html: 0
[2019-06-13 21:32:50] EDIT qcyber/views/qreddit/main.html: 0
[2019-06-13 21:33:04] EDIT qcyber/views/qreddit/main.html: 0
[2019-06-13 21:33:32] EDIT qcyber/views/qreddit/main.html: 0
[2019-06-13 21:34:36] EDIT qcyber/views/qreddit/main.html: 0
[2019-06-13 21:35:19] EDIT qcyber/views/qreddit/main.html: 2
[2019-06-13 21:35:55] EDIT qcyber/views/qreddit/main.html: 0
[2019-06-13 21:36:15] EDIT qcyber/views/qreddit/main.html: 0
[2019-06-13 21:36:31] EDIT qcyber/views/qreddit/main.html: -2
[2019-06-13 21:36:46] EDIT qcyber/controllers/qreddit.py: -7
[2019-06-13 21:37:08] EDIT qcyber/views/qreddit/main.html: 0
[2019-06-13 21:37:34] EDIT qcyber/views/qreddit/main.html: 0
[2019-06-13 21:37:46] EDIT qcyber/views/qreddit/main.html: 0
[2019-06-13 21:37:57] EDIT qcyber/views/qreddit/main.html: 0
[2019-06-13 21:38:34] EDIT qcyber/controllers/qreddit.py: 0
[2019-06-13 21:39:11] EDIT qcyber/controllers/qreddit.py: 1
[2019-06-13 21:42:38] EDIT qcyber/controllers/qreddit.py: 4
[2019-06-13 21:43:06] EDIT qcyber/controllers/qreddit.py: -5
[2019-06-13 21:44:29] EDIT qcyber/controllers/qreddit.py: 3
[2019-06-13 21:45:48] EDIT qcyber/controllers/qreddit.py: 5
[2019-06-13 21:45:57] EDIT qcyber/controllers/qreddit.py: 0
[2019-06-13 21:46:03] EDIT qcyber/controllers/qreddit.py: 0
[2019-06-13 21:46:43] EDIT qcyber/controllers/qreddit.py: -4
[2019-06-13 21:47:17] EDIT qcyber/controllers/qreddit.py: 4
[2019-06-13 21:47:28] EDIT qcyber/controllers/qreddit.py: 1
[2019-06-13 21:48:18] EDIT qcyber/controllers/qreddit.py: 1
[2019-06-13 21:48:34] EDIT qcyber/controllers/qreddit.py: 1
[2019-06-13 21:49:00] EDIT qcyber/controllers/qreddit.py: 0
[2019-06-13 21:49:13] EDIT qcyber/controllers/qreddit.py: 1
[2019-06-13 21:49:32] EDIT qcyber/controllers/qreddit.py: 0
[2019-06-13 21:49:56] EDIT qcyber/controllers/qreddit.py: 1
[2019-06-13 21:50:37] EDIT qcyber/controllers/qreddit.py: -1
[2019-06-13 21:51:31] EDIT qcyber/controllers/qreddit.py: 0
[2019-06-13 21:52:25] EDIT qcyber/controllers/qreddit.py: 1
[2019-06-13 21:53:31] EDIT qcyber/controllers/qreddit.py: 1
[2019-06-13 21:53:44] EDIT qcyber/controllers/qreddit.py: 1
[2019-06-13 21:54:20] EDIT qcyber/controllers/qreddit.py: 1
[2019-06-13 21:54:44] EDIT qcyber/controllers/qreddit.py: 0
[2019-06-13 21:55:39] EDIT qcyber/controllers/qreddit.py: 0
[2019-06-13 21:56:02] EDIT qcyber/controllers/qreddit.py: 0
[2019-06-13 21:58:56] EDIT qcyber/controllers/qreddit.py: 3
[2019-06-13 21:59:37] EDIT qcyber/controllers/qreddit.py: 1
[2019-06-13 22:00:30] EDIT qcyber/controllers/qreddit.py: -1
[2019-06-13 22:00:53] EDIT qcyber/controllers/qreddit.py: 0
[2019-06-13 22:01:44] EDIT qcyber/controllers/qreddit.py: -1
[2019-06-13 22:02:45] EDIT qcyber/controllers/qreddit.py: 0
[2019-06-13 22:03:31] EDIT qcyber/controllers/qreddit.py: 0
[2019-06-13 22:04:04] EDIT qcyber/controllers/qreddit.py: 0
[2019-06-13 22:07:59] EDIT qcyber/controllers/qreddit.py: -16
[2019-06-13 22:08:02] EDIT qcyber/controllers/qreddit.py: 0
[2019-06-13 22:09:40] EDIT qcyber/views/qreddit/main.html: 3
[2019-06-13 22:10:20] EDIT qcyber/controllers/qreddit.py: 1
[2019-06-13 22:10:30] EDIT qcyber/controllers/qreddit.py: 1
[2019-06-13 22:11:09] EDIT qcyber/views/qreddit/main.html: 5
[2019-06-13 22:11:45] EDIT qcyber/views/qreddit/main.html: 0
[2019-06-13 22:12:10] EDIT qcyber/views/qreddit/main.html: 0
[2019-06-13 22:12:59] EDIT qcyber/views/qreddit/main.html: 0
[2019-06-13 22:13:05] EDIT qcyber/controllers/qreddit.py: 1
[2019-06-13 22:13:07] EDIT qcyber/views/qreddit/main.html: 0
[2019-06-13 22:13:22] EDIT qcyber/views/qreddit/main.html: -1
[2019-06-13 22:13:36] EDIT qcyber/views/qreddit/main.html: 0
[2019-06-13 22:13:47] EDIT qcyber/controllers/qreddit.py: -1
[2019-06-13 22:13:55] EDIT qcyber/controllers/qreddit.py: 0
[2019-06-13 22:14:58] EDIT qcyber/controllers/qreddit.py: -2
[2019-06-13 22:15:19] EDIT qcyber/views/qreddit/main.html: -7
[2019-06-13 22:15:52] EDIT qcyber/views/qreddit/main.html: -5
[2019-06-13 22:16:03] EDIT qcyber/views/qreddit/main.html: 0
[2019-06-13 22:16:08] EDIT qcyber/views/qreddit/main.html: 0
[2019-06-13 22:16:57] EDIT qcyber/controllers/qreddit.py: -2
[2019-06-13 22:17:03] EDIT qcyber/controllers/qreddit.py: 0
[2019-06-13 22:17:28] EDIT qcyber/controllers/qreddit.py: 0
[2019-06-13 22:17:30] EDIT qcyber/views/qreddit/main.html: 0
[2019-06-13 22:21:48] EDIT qcyber/controllers/qwiki.py: 30
[2019-06-13 22:22:11] EDIT qcyber/controllers/qreddit.py: 0
[2019-06-13 22:22:56] EDIT qcyber/views/qreddit/main.html: 0
[2019-06-13 22:23:12] EDIT qcyber/views/qreddit/main.html: 0
[2019-06-13 22:23:23] EDIT qcyber/controllers/qreddit.py: 0
[2019-06-13 22:23:33] EDIT qcyber/controllers/qwiki.py: 0
[2019-06-13 22:24:26] EDIT qcyber/controllers/qwiki.py: -6
[2019-06-13 22:24:46] EDIT qcyber/controllers/qwiki.py: 6
[2019-06-13 22:24:51] EDIT qcyber/views/qwiki/main.html: 14
