timestamp: 2019-06-12T10:11:39.277356
CREATE TABLE "auth_user"(
    "id" INTEGER PRIMARY KEY AUTOINCREMENT,
    "first_name" CHAR(128),
    "last_name" CHAR(128),
    "email" CHAR(512),
    "password" CHAR(512),
    "registration_key" CHAR(512),
    "reset_password_key" CHAR(512),
    "registration_id" CHAR(512)
);
success!
timestamp: 2019-06-12T10:11:39.352720
CREATE TABLE "auth_group"(
    "id" INTEGER PRIMARY KEY AUTOINCREMENT,
    "role" CHAR(512),
    "description" TEXT
);
success!
timestamp: 2019-06-12T10:11:39.435168
CREATE TABLE "auth_membership"(
    "id" INTEGER PRIMARY KEY AUTOINCREMENT,
    "user_id" INTEGER REFERENCES "auth_user" ("id") ON DELETE CASCADE  ,
    "group_id" INTEGER REFERENCES "auth_group" ("id") ON DELETE CASCADE  
);
success!
timestamp: 2019-06-12T10:11:39.508038
CREATE TABLE "auth_permission"(
    "id" INTEGER PRIMARY KEY AUTOINCREMENT,
    "group_id" INTEGER REFERENCES "auth_group" ("id") ON DELETE CASCADE  ,
    "name" CHAR(512),
    "table_name" CHAR(512),
    "record_id" INTEGER
);
success!
timestamp: 2019-06-12T10:11:39.617093
CREATE TABLE "auth_event"(
    "id" INTEGER PRIMARY KEY AUTOINCREMENT,
    "time_stamp" TIMESTAMP,
    "client_ip" CHAR(512),
    "user_id" INTEGER REFERENCES "auth_user" ("id") ON DELETE CASCADE  ,
    "origin" CHAR(512),
    "description" TEXT
);
success!
timestamp: 2019-06-12T10:11:39.706224
CREATE TABLE "auth_cas"(
    "id" INTEGER PRIMARY KEY AUTOINCREMENT,
    "user_id" INTEGER REFERENCES "auth_user" ("id") ON DELETE CASCADE  ,
    "created_on" TIMESTAMP,
    "service" CHAR(512),
    "ticket" CHAR(512),
    "renew" CHAR(1)
);
success!
timestamp: 2019-06-13T11:18:18.056153
CREATE TABLE `test`(
    `id` INT AUTO_INCREMENT NOT NULL,
    `site` VARCHAR(512),
    PRIMARY KEY (`id`)
) ENGINE=InnoDB CHARACTER SET utf8;
timestamp: 2019-06-13T11:18:21.641594
CREATE TABLE `test`(
    `id` INT AUTO_INCREMENT NOT NULL,
    `site` VARCHAR(512),
    PRIMARY KEY (`id`)
) ENGINE=InnoDB CHARACTER SET utf8;
timestamp: 2019-06-13T11:18:23.336357
CREATE TABLE `test`(
    `id` INT AUTO_INCREMENT NOT NULL,
    `site` VARCHAR(512),
    PRIMARY KEY (`id`)
) ENGINE=InnoDB CHARACTER SET utf8;
timestamp: 2019-06-13T11:22:25.723777
CREATE TABLE `test`(
    `id` INT AUTO_INCREMENT NOT NULL,
    `site` VARCHAR(512),
    PRIMARY KEY (`id`)
) ENGINE=InnoDB CHARACTER SET utf8;
timestamp: 2019-06-13T11:23:23.268382
CREATE TABLE `test`(
    `id` INT AUTO_INCREMENT NOT NULL,
    `site` VARCHAR(512),
    PRIMARY KEY (`id`)
) ENGINE=InnoDB CHARACTER SET utf8;
timestamp: 2019-06-13T11:24:23.253876
CREATE TABLE `test`(
    `id` INT AUTO_INCREMENT NOT NULL,
    `site` VARCHAR(512),
    PRIMARY KEY (`id`)
) ENGINE=InnoDB CHARACTER SET utf8;
timestamp: 2019-06-13T11:25:23.281100
CREATE TABLE `test`(
    `id` INT AUTO_INCREMENT NOT NULL,
    `site` VARCHAR(512),
    PRIMARY KEY (`id`)
) ENGINE=InnoDB CHARACTER SET utf8;
timestamp: 2019-06-13T11:26:11.747885
CREATE TABLE "image"(
    "id" INTEGER PRIMARY KEY AUTOINCREMENT,
    "title" CHAR(512) UNIQUE,
    "file" CHAR(512)
);
success!
timestamp: 2019-06-13T11:26:23.356774
CREATE TABLE `image`(
    `id` INT AUTO_INCREMENT NOT NULL,
    `title` VARCHAR(512) UNIQUE,
    `file` VARCHAR(512),
    PRIMARY KEY (`id`)
) ENGINE=InnoDB CHARACTER SET utf8;
timestamp: 2019-06-13T11:26:24.964553
CREATE TABLE `image`(
    `id` INT AUTO_INCREMENT NOT NULL,
    `title` VARCHAR(512) UNIQUE,
    `file` VARCHAR(512),
    PRIMARY KEY (`id`)
) ENGINE=InnoDB CHARACTER SET utf8;
